<?xml version="1.0" encoding="UTF-8"?>
<testsuite xmlns:xsi="http://www.w3.org/2001/XMLSchema-instance" xsi:noNamespaceSchemaLocation="https://maven.apache.org/surefire/maven-surefire-plugin/xsd/surefire-test-report.xsd" version="3.0.2" name="com.company.payement_service.PayementServiceApplicationTests" time="6.455" tests="1" errors="0" skipped="0" failures="0" flakes="0">
  <properties>
[...]
</properties>
  <testcase name="contextLoads" classname="com.company.payement_service.PayementServiceApplicationTests" time="1.68">
    <system-out><![CDATA[15:57:49.086 [main] INFO org.springframework.test.context.support.AnnotationConfigContextLoaderUtils -- Could not detect default configuration classes for test class [com.company.payement_service.PayementServiceApplicationTests]: PayementServiceApplicationTests does not declare any static, non-private, non-final, nested classes annotated with @Configuration.
15:57:49.334 [main] INFO org.springframework.boot.test.context.SpringBootTestContextBootstrapper -- Found @SpringBootConfiguration com.company.payement_service.PayementServiceApplication for test class com.company.payement_service.PayementServiceApplicationTests
15:57:49.615 [main] INFO org.springframework.test.context.support.AnnotationConfigContextLoaderUtils -- Could not detect default configuration classes for test class [com.company.payement_service.PayementServiceApplicationTests]: PayementServiceApplicationTests does not declare any static, non-private, non-final, nested classes annotated with @Configuration.
15:57:49.617 [main] INFO org.springframework.boot.test.context.SpringBootTestContextBootstrapper -- Found @SpringBootConfiguration com.company.payement_service.PayementServiceApplication for test class com.company.payement_service.PayementServiceApplicationTests
15:57:49.771 [main] INFO org.springframework.boot.devtools.restart.RestartApplicationListener -- Restart disabled due to context in which it is running

  .   ____          _            __ _ _
 /\\ / ___'_ __ _ _(_)_ __  __ _ \ \ \ \
( ( )\___ | '_ | '_| | '_ \/ _` | \ \ \ \
 \\/  ___)| |_)| | | | | || (_| |  ) ) ) )
  '  |____| .__|_| |_|_| |_\__, | / / / /
 =========|_|==============|___/=/_/_/_/

 :: Spring Boot ::                (v4.1.0)

2026-06-25T15:57:50.354+05:30  INFO 1540 --- [payement-service] [           main] c.c.p.PayementServiceApplicationTests    : Starting PayementServiceApplicationTests using Java 17.0.18 with PID 1540 (started by prabh in C:\Users\prabh\Desktop\DevOps-Lab\payment-service-springboot)
2026-06-25T15:57:50.360+05:30  INFO 1540 --- [payement-service] [           main] c.c.p.PayementServiceApplicationTests    : No active profile set, falling back to 1 default profile: "default"
2026-06-25T15:57:53.229+05:30  INFO 1540 --- [payement-service] [           main] c.c.p.PayementServiceApplicationTests    : Started PayementServiceApplicationTests in 3.479 seconds (process running for 6.011)
]]></system-out>
  </testcase>
</testsuite>